# JRE version: OpenJDK Runtime Environment Temurin-21.0.10+7 (21.0.10+7) (build 21.0.10+7-LTS)
# Java VM: OpenJDK 64-Bit Server VM Temurin-21.0.10+7 (21.0.10+7-LTS, mixed mode, sharing, tiered, compressed oops, compressed class ptrs, parallel gc, windows-amd64)
GC Precious Log:
 CardTable entry size: 512
 CPUs: 12 total, 12 available
 Memory: 5989M
 Large Page Support: Disabled
 NUMA Support: Disabled
 Compressed Oops: Enabled (32-bit)
 Alignments: Space 512K, Generation 512K, Heap 2M
 Heap Min Capacity: 100M
 Heap Initial Capacity: 100M
 Heap Max Capacity: 2G
 Pre-touch: Disabled
 Parallel Workers: 10
Heap:
 PSYoungGen      total 16384K, used 8806K [0x00000000d5580000, 0x00000000d6780000, 0x0000000100000000)
  eden space 15360K, 53% used [0x00000000d5580000,0x00000000d5d91a30,0x00000000d6480000)
  from space 1024K, 53% used [0x00000000d6680000,0x00000000d6708000,0x00000000d6780000)
  to   space 1024K, 0% used [0x00000000d6580000,0x00000000d6580000,0x00000000d6680000)
 ParOldGen       total 96768K, used 96443K [0x0000000080000000, 0x0000000085e80000, 0x00000000d5580000)
  object space 96768K, 99% used [0x0000000080000000,0x0000000085e2eff0,0x0000000085e80000)
 Metaspace       used 72300K, committed 73792K, reserved 1179648K
  class space    used 7683K, committed 8320K, reserved 1048576K
GC Heap History (20 events):
Event: 82.252 GC heap before
{Heap before GC invocations=112 (full 3):
 PSYoungGen      total 15872K, used 15778K [0x00000000d5580000, 0x00000000d6680000, 0x0000000100000000)
  eden space 15360K, 100% used [0x00000000d5580000,0x00000000d6480000,0x00000000d6480000)
  from space 512K, 81% used [0x00000000d6600000,0x00000000d6668800,0x00000000d6680000)
  to   space 512K, 0% used [0x00000000d6580000,0x00000000d6580000,0x00000000d6600000)
 ParOldGen       total 91136K, used 91046K [0x0000000080000000, 0x0000000085900000, 0x00000000d5580000)
  object space 91136K, 99% used [0x0000000080000000,0x00000000858e9b60,0x0000000085900000)
 Metaspace       used 66770K, committed 68224K, reserved 1114112K
  class space    used 7127K, committed 7744K, reserved 1048576K
}
Event: 82.253 GC heap after
{Heap after GC invocations=112 (full 3):
 PSYoungGen      total 15872K, used 416K [0x00000000d5580000, 0x00000000d6680000, 0x0000000100000000)
  eden space 15360K, 0% used [0x00000000d5580000,0x00000000d5580000,0x00000000d6480000)
  from space 512K, 81% used [0x00000000d6580000,0x00000000d65e8000,0x00000000d6600000)
  to   space 512K, 0% used [0x00000000d6600000,0x00000000d6600000,0x00000000d6680000)
 ParOldGen       total 91648K, used 91288K [0x0000000080000000, 0x0000000085980000, 0x00000000d5580000)
  object space 91648K, 99% used [0x0000000080000000,0x0000000085926360,0x0000000085980000)
 Metaspace       used 66770K, committed 68224K, reserved 1114112K
  class space    used 7127K, committed 7744K, reserved 1048576K
}
Event: 82.369 GC heap before
{Heap before GC invocations=113 (full 3):
 PSYoungGen      total 15872K, used 15776K [0x00000000d5580000, 0x00000000d6680000, 0x0000000100000000)
  eden space 15360K, 100% used [0x00000000d5580000,0x00000000d6480000,0x00000000d6480000)
  from space 512K, 81% used [0x00000000d6580000,0x00000000d65e8000,0x00000000d6600000)
  to   space 512K, 0% used [0x00000000d6600000,0x00000000d6600000,0x00000000d6680000)
 ParOldGen       total 91648K, used 91288K [0x0000000080000000, 0x0000000085980000, 0x00000000d5580000)
  object space 91648K, 99% used [0x0000000080000000,0x0000000085926360,0x0000000085980000)
 Metaspace       used 67126K, committed 68608K, reserved 1114112K
  class space    used 7154K, committed 7808K, reserved 1048576K
}
Event: 82.371 GC heap after
{Heap after GC invocations=113 (full 3):
 PSYoungGen      total 15872K, used 512K [0x00000000d5580000, 0x00000000d6780000, 0x0000000100000000)
  eden space 15360K, 0% used [0x00000000d5580000,0x00000000d5580000,0x00000000d6480000)
  from space 512K, 100% used [0x00000000d6600000,0x00000000d6680000,0x00000000d6680000)
  to   space 1536K, 0% used [0x00000000d6480000,0x00000000d6480000,0x00000000d6600000)
 ParOldGen       total 92160K, used 91776K [0x0000000080000000, 0x0000000085a00000, 0x00000000d5580000)
  object space 92160K, 99% used [0x0000000080000000,0x00000000859a0360,0x0000000085a00000)
 Metaspace       used 67126K, committed 68608K, reserved 1114112K
  class space    used 7154K, committed 7808K, reserved 1048576K
}
Event: 82.529 GC heap before
{Heap before GC invocations=114 (full 3):
 PSYoungGen      total 15872K, used 15872K [0x00000000d5580000, 0x00000000d6780000, 0x0000000100000000)
  eden space 15360K, 100% used [0x00000000d5580000,0x00000000d6480000,0x00000000d6480000)
  from space 512K, 100% used [0x00000000d6600000,0x00000000d6680000,0x00000000d6680000)
  to   space 1536K, 0% used [0x00000000d6480000,0x00000000d6480000,0x00000000d6600000)
 ParOldGen       total 92160K, used 91776K [0x0000000080000000, 0x0000000085a00000, 0x00000000d5580000)
  object space 92160K, 99% used [0x0000000080000000,0x00000000859a0360,0x0000000085a00000)
 Metaspace       used 67536K, committed 69056K, reserved 1114112K
  class space    used 7216K, committed 7872K, reserved 1048576K
}
Event: 82.531 GC heap after
{Heap after GC invocations=114 (full 3):
 PSYoungGen      total 16896K, used 1280K [0x00000000d5580000, 0x00000000d6780000, 0x0000000100000000)
  eden space 15360K, 0% used [0x00000000d5580000,0x00000000d5580000,0x00000000d6480000)
  from space 1536K, 83% used [0x00000000d6480000,0x00000000d65c0010,0x00000000d6600000)
  to   space 1536K, 0% used [0x00000000d6600000,0x00000000d6600000,0x00000000d6780000)
 ParOldGen       total 92672K, used 92272K [0x0000000080000000, 0x0000000085a80000, 0x00000000d5580000)
  object space 92672K, 99% used [0x0000000080000000,0x0000000085a1c360,0x0000000085a80000)
 Metaspace       used 67536K, committed 69056K, reserved 1114112K
  class space    used 7216K, committed 7872K, reserved 1048576K
}
Event: 83.098 GC heap before
{Heap before GC invocations=115 (full 3):
 PSYoungGen      total 16896K, used 16640K [0x00000000d5580000, 0x00000000d6780000, 0x0000000100000000)
  eden space 15360K, 100% used [0x00000000d5580000,0x00000000d6480000,0x00000000d6480000)
  from space 1536K, 83% used [0x00000000d6480000,0x00000000d65c0010,0x00000000d6600000)
  to   space 1536K, 0% used [0x00000000d6600000,0x00000000d6600000,0x00000000d6780000)
 ParOldGen       total 92672K, used 92272K [0x0000000080000000, 0x0000000085a80000, 0x00000000d5580000)
  object space 92672K, 99% used [0x0000000080000000,0x0000000085a1c360,0x0000000085a80000)
 Metaspace       used 69085K, committed 70592K, reserved 1114112K
  class space    used 7372K, committed 8064K, reserved 1048576K
}
Event: 83.101 GC heap after
{Heap after GC invocations=115 (full 3):
 PSYoungGen      total 16896K, used 1088K [0x00000000d5580000, 0x00000000d6780000, 0x0000000100000000)
  eden space 15360K, 0% used [0x00000000d5580000,0x00000000d5580000,0x00000000d6480000)
  from space 1536K, 70% used [0x00000000d6600000,0x00000000d6710000,0x00000000d6780000)
  to   space 1536K, 0% used [0x00000000d6480000,0x00000000d6480000,0x00000000d6600000)
 ParOldGen       total 93696K, used 93249K [0x0000000080000000, 0x0000000085b80000, 0x00000000d5580000)
  object space 93696K, 99% used [0x0000000080000000,0x0000000085b107e0,0x0000000085b80000)
 Metaspace       used 69085K, committed 70592K, reserved 1114112K
  class space    used 7372K, committed 8064K, reserved 1048576K
}
Event: 84.025 GC heap before
{Heap before GC invocations=116 (full 3):
 PSYoungGen      total 16896K, used 16430K [0x00000000d5580000, 0x00000000d6780000, 0x0000000100000000)
  eden space 15360K, 99% used [0x00000000d5580000,0x00000000d647b8b8,0x00000000d6480000)
  from space 1536K, 70% used [0x00000000d6600000,0x00000000d6710000,0x00000000d6780000)
  to   space 1536K, 0% used [0x00000000d6480000,0x00000000d6480000,0x00000000d6600000)
 ParOldGen       total 93696K, used 93249K [0x0000000080000000, 0x0000000085b80000, 0x00000000d5580000)
  object space 93696K, 99% used [0x0000000080000000,0x0000000085b107e0,0x0000000085b80000)
 Metaspace       used 70382K, committed 71936K, reserved 1114112K
  class space    used 7483K, committed 8192K, reserved 1048576K
}
Event: 84.027 GC heap after
{Heap after GC invocations=116 (full 3):
 PSYoungGen      total 16896K, used 1508K [0x00000000d5580000, 0x00000000d6a80000, 0x0000000100000000)
  eden space 15360K, 0% used [0x00000000d5580000,0x00000000d5580000,0x00000000d6480000)
  from space 1536K, 98% used [0x00000000d6480000,0x00000000d65f93d8,0x00000000d6600000)
  to   space 3072K, 0% used [0x00000000d6780000,0x00000000d6780000,0x00000000d6a80000)
 ParOldGen       total 94208K, used 94185K [0x0000000080000000, 0x0000000085c00000, 0x00000000d5580000)
  object space 94208K, 99% used [0x0000000080000000,0x0000000085bfa7f0,0x0000000085c00000)
 Metaspace       used 70382K, committed 71936K, reserved 1114112K
  class space    used 7483K, committed 8192K, reserved 1048576K
}
Event: 84.285 GC heap before
{Heap before GC invocations=117 (full 3):
 PSYoungGen      total 16896K, used 16868K [0x00000000d5580000, 0x00000000d6a80000, 0x0000000100000000)
  eden space 15360K, 100% used [0x00000000d5580000,0x00000000d6480000,0x00000000d6480000)
  from space 1536K, 98% used [0x00000000d6480000,0x00000000d65f93d8,0x00000000d6600000)
  to   space 3072K, 0% used [0x00000000d6780000,0x00000000d6780000,0x00000000d6a80000)
 ParOldGen       total 94208K, used 94185K [0x0000000080000000, 0x0000000085c00000, 0x00000000d5580000)
  object space 94208K, 99% used [0x0000000080000000,0x0000000085bfa7f0,0x0000000085c00000)
 Metaspace       used 70904K, committed 72384K, reserved 1114112K
  class space    used 7530K, committed 8192K, reserved 1048576K
}
Event: 84.289 GC heap after
{Heap after GC invocations=117 (full 3):
 PSYoungGen      total 17920K, used 2062K [0x00000000d5580000, 0x00000000d6a00000, 0x0000000100000000)
  eden space 15360K, 0% used [0x00000000d5580000,0x00000000d5580000,0x00000000d6480000)
  from space 2560K, 80% used [0x00000000d6780000,0x00000000d6983ae0,0x00000000d6a00000)
  to   space 2560K, 0% used [0x00000000d6500000,0x00000000d6500000,0x00000000d6780000)
 ParOldGen       total 95744K, used 95635K [0x0000000080000000, 0x0000000085d80000, 0x00000000d5580000)
  object space 95744K, 99% used [0x0000000080000000,0x0000000085d64f90,0x0000000085d80000)
 Metaspace       used 70904K, committed 72384K, reserved 1114112K
  class space    used 7530K, committed 8192K, reserved 1048576K
}
Event: 84.538 GC heap before
{Heap before GC invocations=118 (full 3):
 PSYoungGen      total 17920K, used 17351K [0x00000000d5580000, 0x00000000d6a00000, 0x0000000100000000)
  eden space 15360K, 99% used [0x00000000d5580000,0x00000000d646e140,0x00000000d6480000)
  from space 2560K, 80% used [0x00000000d6780000,0x00000000d6983ae0,0x00000000d6a00000)
  to   space 2560K, 0% used [0x00000000d6500000,0x00000000d6500000,0x00000000d6780000)
 ParOldGen       total 95744K, used 95635K [0x0000000080000000, 0x0000000085d80000, 0x00000000d5580000)
  object space 95744K, 99% used [0x0000000080000000,0x0000000085d64f90,0x0000000085d80000)
 Metaspace       used 71018K, committed 72576K, reserved 1114112K
  class space    used 7544K, committed 8256K, reserved 1048576K
}
Event: 84.540 GC heap after
{Heap after GC invocations=118 (full 3):
 PSYoungGen      total 15872K, used 372K [0x00000000d5580000, 0x00000000d6800000, 0x0000000100000000)
  eden space 15360K, 0% used [0x00000000d5580000,0x00000000d5580000,0x00000000d6480000)
  from space 512K, 72% used [0x00000000d6500000,0x00000000d655d200,0x00000000d6580000)
  to   space 1024K, 0% used [0x00000000d6700000,0x00000000d6700000,0x00000000d6800000)
 ParOldGen       total 96256K, used 95979K [0x0000000080000000, 0x0000000085e00000, 0x00000000d5580000)
  object space 96256K, 99% used [0x0000000080000000,0x0000000085dbafb0,0x0000000085e00000)
 Metaspace       used 71018K, committed 72576K, reserved 1114112K
  class space    used 7544K, committed 8256K, reserved 1048576K
}
Event: 85.010 GC heap before
{Heap before GC invocations=119 (full 3):
 PSYoungGen      total 15872K, used 15732K [0x00000000d5580000, 0x00000000d6800000, 0x0000000100000000)
  eden space 15360K, 100% used [0x00000000d5580000,0x00000000d6480000,0x00000000d6480000)
  from space 512K, 72% used [0x00000000d6500000,0x00000000d655d200,0x00000000d6580000)
  to   space 1024K, 0% used [0x00000000d6700000,0x00000000d6700000,0x00000000d6800000)
 ParOldGen       total 96256K, used 95979K [0x0000000080000000, 0x0000000085e00000, 0x00000000d5580000)
  object space 96256K, 99% used [0x0000000080000000,0x0000000085dbafb0,0x0000000085e00000)
 Metaspace       used 71187K, committed 72640K, reserved 1114112K
  class space    used 7554K, committed 8256K, reserved 1048576K
}
Event: 85.011 GC heap after
{Heap after GC invocations=119 (full 3):
 PSYoungGen      total 16384K, used 626K [0x00000000d5580000, 0x00000000d6800000, 0x0000000100000000)
  eden space 15360K, 0% used [0x00000000d5580000,0x00000000d5580000,0x00000000d6480000)
  from space 1024K, 61% used [0x00000000d6700000,0x00000000d679c830,0x00000000d6800000)
  to   space 1024K, 0% used [0x00000000d6600000,0x00000000d6600000,0x00000000d6700000)
 ParOldGen       total 96256K, used 96107K [0x0000000080000000, 0x0000000085e00000, 0x00000000d5580000)
  object space 96256K, 99% used [0x0000000080000000,0x0000000085ddafb0,0x0000000085e00000)
 Metaspace       used 71187K, committed 72640K, reserved 1114112K
  class space    used 7554K, committed 8256K, reserved 1048576K
}
Event: 87.243 GC heap before
{Heap before GC invocations=120 (full 3):
 PSYoungGen      total 16384K, used 15983K [0x00000000d5580000, 0x00000000d6800000, 0x0000000100000000)
  eden space 15360K, 99% used [0x00000000d5580000,0x00000000d647f5f0,0x00000000d6480000)
  from space 1024K, 61% used [0x00000000d6700000,0x00000000d679c830,0x00000000d6800000)
  to   space 1024K, 0% used [0x00000000d6600000,0x00000000d6600000,0x00000000d6700000)
 ParOldGen       total 96256K, used 96107K [0x0000000080000000, 0x0000000085e00000, 0x00000000d5580000)
  object space 96256K, 99% used [0x0000000080000000,0x0000000085ddafb0,0x0000000085e00000)
 Metaspace       used 71260K, committed 72768K, reserved 1114112K
  class space    used 7560K, committed 8256K, reserved 1048576K
}
Event: 87.245 GC heap after
{Heap after GC invocations=120 (full 3):
 PSYoungGen      total 15872K, used 459K [0x00000000d5580000, 0x00000000d6780000, 0x0000000100000000)
  eden space 15360K, 0% used [0x00000000d5580000,0x00000000d5580000,0x00000000d6480000)
  from space 512K, 89% used [0x00000000d6600000,0x00000000d6672fd0,0x00000000d6680000)
  to   space 1024K, 0% used [0x00000000d6680000,0x00000000d6680000,0x00000000d6780000)
 ParOldGen       total 96768K, used 96307K [0x0000000080000000, 0x0000000085e80000, 0x00000000d5580000)
  object space 96768K, 99% used [0x0000000080000000,0x0000000085e0cfd0,0x0000000085e80000)
 Metaspace       used 71260K, committed 72768K, reserved 1114112K
  class space    used 7560K, committed 8256K, reserved 1048576K
}
Event: 88.781 GC heap before
{Heap before GC invocations=121 (full 3):
 PSYoungGen      total 15872K, used 15819K [0x00000000d5580000, 0x00000000d6780000, 0x0000000100000000)
  eden space 15360K, 100% used [0x00000000d5580000,0x00000000d6480000,0x00000000d6480000)
  from space 512K, 89% used [0x00000000d6600000,0x00000000d6672fd0,0x00000000d6680000)
  to   space 1024K, 0% used [0x00000000d6680000,0x00000000d6680000,0x00000000d6780000)
 ParOldGen       total 96768K, used 96307K [0x0000000080000000, 0x0000000085e80000, 0x00000000d5580000)
  object space 96768K, 99% used [0x0000000080000000,0x0000000085e0cfd0,0x0000000085e80000)
 Metaspace       used 72093K, committed 73600K, reserved 1179648K
  class space    used 7651K, committed 8320K, reserved 1048576K
}
Event: 88.783 GC heap after
{Heap after GC invocations=121 (full 3):
 PSYoungGen      total 16384K, used 544K [0x00000000d5580000, 0x00000000d6780000, 0x0000000100000000)
  eden space 15360K, 0% used [0x00000000d5580000,0x00000000d5580000,0x00000000d6480000)
  from space 1024K, 53% used [0x00000000d6680000,0x00000000d6708000,0x00000000d6780000)
  to   space 1024K, 0% used [0x00000000d6580000,0x00000000d6580000,0x00000000d6680000)
 ParOldGen       total 96768K, used 96443K [0x0000000080000000, 0x0000000085e80000, 0x00000000d5580000)
  object space 96768K, 99% used [0x0000000080000000,0x0000000085e2eff0,0x0000000085e80000)
 Metaspace       used 72093K, committed 73600K, reserved 1179648K
  class space    used 7651K, committed 8320K, reserved 1048576K
}

